Please report this error to author.
`:help eskk` to see author's e-mail address.

Sat 20 Feb 2021 01:58:03 PM JST

--- char ---
char: ' '(32)
mode(): i
--- char ---

--- exception ---
exception type: eskk exception
v:exception: eskk: main routine raised an error: eskk: assertion failed: system dict:'' ==# '/' (at autoload/eskk/util.vim) (at autoload/eskk.vim)
v:throwpoint: function eskk#filter[75]..<SNR>113_abbrev_filter[30]..<SNR>113_do_henkan[15]..<SNR>113_do_henkan_abbrev[13]..<SNR>137_Dictionary_refer[10]..<SNR>137_HenkanResult_update_candidate[1]..<SNR>137_HenkanResult_get_candidates[72]..eskk#util#assert, line 2

   function eskk#util#assert(cond, msg) abort
1      if !a:cond
2          throw eskk#util#build_error(   ['eskk', 'util'],   ['assertion failed', a:msg])
6      endif
   endfunction
--- exception ---

--- preedit ---
current phase: 1
phase: 0
rom_str: ''
matched pairs: []
phase: 1
rom_str: '/'
matched pairs: []
phase: 2
rom_str: ''
matched pairs: []
phase: 3
rom_str: ''
matched pairs: []
--- preedit ---

--- Vim's :version ---
NVIM v0.5.0-dev+1093-g4bc74c243
Build type: RelWithDebInfo
LuaJIT 2.1.0-beta3
Compilation: /usr/bin/cc -U_FORTIFY_SOURCE -D_FORTIFY_SOURCE=1 -O2 -g -Og -g -Wall -Wextra -pedantic -Wno-unused-parameter -Wstrict-prototypes -std=gnu99 -Wshadow -Wconversion -Wmissing-prototypes -Wvla -fstack-protector-strong -fno-common -fdiagnostics-color=always -DINCLUDE_GENERATED_DECLARATIONS -D_GNU_SOURCE -DNVIM_MSGPACK_HAS_FLOAT32 -DNVIM_UNIBI_HAS_VAR_FROM -DMIN_LOG_LEVEL=3 -I/home/runner/work/neovim/neovim/build/config -I/home/runner/work/neovim/neovim/src -I/home/runner/work/neovim/neovim/.deps/usr/include -I/usr/include -I/home/runner/work/neovim/neovim/build/src/nvim/auto -I/home/runner/work/neovim/neovim/build/include
Compiled by runner@fv-az205-207

Features: +acl +iconv +tui
See ":help feature-compile"

   system vimrc file: "$VIM/sysinit.vim"
  fall-back for $VIM: "/share/nvim"

Run :checkhealth for more info
--- Vim's :version ---


--- Operating System ---
"uname -a" = Linux Arch-marimo 5.10.16-zen1-1-zen #1 ZEN SMP PREEMPT Sat, 13 Feb 2021 20:51:02 +0000 x86_64 GNU/Linux
--- Operating System ---

--- feature-list ---
gui_running = 0
unix = 1
mac = 0
macunix = 0
win16 = 0
win32 = 0
win64 = 0
win32unix = 0
win95 = 0
amiga = 0
beos = 0
dos16 = 0
dos32 = 0
os2 = 0
qnx = 0
vms = 0
--- feature-list ---
