Please report this error to author.
`:help eskk` to see author's e-mail address.

Sat 28 Aug 2021 12:02:50 AM JST

--- char ---
char: ''(0)
mode(): n
--- char ---

--- exception ---
exception type: eskk exception
v:exception: eskk: error occurred while :EskkUpdateDictionary: Vim(return):E121: Undefined variable: path (at autoload/eskk/commands.vim)
v:throwpoint: function <SNR>79_cmd_update_dictionary[3]..eskk#get_skk_dict[2]..eskk#dictionary#new[1]..<SNR>136_Dictionary_new, line 4

   function <SNR>136_Dictionary_new(...) abort
1      let user_dict = get(a:000, 0, g:eskk#directory)
2      let system_dict = get(a:000, 1, g:eskk#large_dictionary)
3      let server_dict = get(a:000, 2, g:eskk#server)
4      return extend(   deepcopy(s:Dictionary),   {       '_user_dict': s:PhysicalDict_new(           user_dict.path,           user_dict.sorted,           user_dict.encoding,       ),       '_system_dict': s:PhysicalDict_new(           system_dict.path,           system_dict.sorted,           system_dict.encoding,       ),       '_server_dict': (!empty(g:eskk#server) ?                           s:ServerDict_new(server_dict) : {}),       '_registered_words': eskk#util#create_data_ordered_set(           {'Fn_identifier':               'eskk#dictionary#_candidate_identifier'}       ),   },   'force')
   endfunction
--- exception ---

--- preedit ---
(no preedit)
--- preedit ---

--- Vim's :version ---
NVIM v0.6.0-dev+43-g02bf251bb
Build type: RelWithDebInfo
LuaJIT 2.1.0-beta3
Compilation: /usr/bin/gcc-11 -U_FORTIFY_SOURCE -D_FORTIFY_SOURCE=1 -DNVIM_TS_HAS_SET_MATCH_LIMIT -O2 -g -Og -g -Wall -Wextra -pedantic -Wno-unused-parameter -Wstrict-prototypes -std=gnu99 -Wshadow -Wconversion -Wmissing-prototypes -Wimplicit-fallthrough -Wvla -fstack-protector-strong -fno-common -fdiagnostics-color=always -DINCLUDE_GENERATED_DECLARATIONS -D_GNU_SOURCE -DNVIM_MSGPACK_HAS_FLOAT32 -DNVIM_UNIBI_HAS_VAR_FROM -DMIN_LOG_LEVEL=3 -I/home/runner/work/neovim/neovim/build/config -I/home/runner/work/neovim/neovim/src -I/home/runner/work/neovim/neovim/.deps/usr/include -I/usr/include -I/home/runner/work/neovim/neovim/build/src/nvim/auto -I/home/runner/work/neovim/neovim/build/include
Compiled by runner@fv-az87-55

Features: +acl +iconv +tui
See ":help feature-compile"

   system vimrc file: "$VIM/sysinit.vim"
  fall-back for $VIM: "/share/nvim"

Run :checkhealth for more info
--- Vim's :version ---


--- Operating System ---
"uname -a" = Linux marimo 5.13.12-zen1-1-zen #1 ZEN SMP PREEMPT Wed, 18 Aug 2021 20:49:05 +0000 x86_64 GNU/Linux
--- Operating System ---

--- feature-list ---
gui_running = 0
unix = 1
mac = 0
macunix = 0
win16 = 0
win32 = 0
win64 = 0
win32unix = 0
win95 = 0
amiga = 0
beos = 0
dos16 = 0
dos32 = 0
os2 = 0
qnx = 0
vms = 0
--- feature-list ---
